
{"level":"info","message":"database connected...","timestamp":"2021-01-15T08:40:30.212Z"}
{"level":"info","message":"database connected...","timestamp":"2021-01-15T08:42:19.944Z"}
{"level":"info","message":"database connected...","timestamp":"2021-01-15T08:44:20.904Z"}
{"level":"error","message":"File too large","timestamp":"2021-01-15T08:44:39.777Z"}
{"level":"info","message":"database connected...","timestamp":"2021-01-15T08:46:13.883Z"}
{"message":"File too large","level":"error","timestamp":"2021-01-15T08:46:21.772Z"}
{"level":"info","message":"database connected...","timestamp":"2021-01-15T08:46:58.196Z"}
{"level":"info","message":"database connected...","timestamp":"2021-01-15T08:48:11.418Z"}
{"level":"error","message":"File too large","timestamp":"2021-01-15T08:48:16.302Z"}
{"level":"info","message":"database connected...","timestamp":"2021-01-15T08:48:34.152Z"}
{"level":"info","message":"database connected...","timestamp":"2021-01-15T08:50:36.560Z"}
{"level":"error","message":"File too large","timestamp":"2021-01-15T08:50:43.122Z"}
{"level":"info","message":"database connected...","timestamp":"2021-01-15T08:51:14.433Z"}
{"level":"info","message":"database connected...","timestamp":"2021-01-15T08:56:10.683Z"}
{"level":"info","message":"database connected..."}
{"level":"info","message":"database connected..."}
{"level":"error","message":"File too large"}
{"level":"error","message":"File too large"}
{"level":"info","message":"database connected...","timestamp":"2021-01-15T08:58:24.258Z"}
{"level":"error","message":"File too large","timestamp":"2021-01-15T08:58:27.457Z"}
{"level":"error","message":"File too large","timestamp":"2021-01-15T08:58:27.458Z"}
{"level":"info","message":"database connected...","timestamp":"2021-01-15T08:58:38.419Z"}
{"level":"error","message":"File too large","timestamp":"2021-01-15T08:58:40.023Z"}
{"level":"info","message":"File too large","timestamp":"2021-01-15T08:58:40.078Z"}
{"level":"info","message":"database connected...","timestamp":"2021-01-15T08:59:02.591Z"}
{"level":"error","message":"File too large","timestamp":"2021-01-15T08:59:03.953Z"}
{"level":"info","message":"database connected...","timestamp":"2021-01-15T08:59:17.202Z"}
{"level":"error","message":"File too large","timestamp":"2021-01-15T08:59:28.113Z"}
{"level":"info","message":"database connected...","timestamp":"2021-01-15T09:00:35.207Z"}
{"level":"info","message":"database connected...","timestamp":"2021-01-15T09:01:22.734Z"}
{"level":"error","message":"error connecting to database","timestamp":"2021-01-15T09:01:45.323Z"}
{"level":"error","message":"error connecting to database The `uri` parameter to `openUri()` must be a string, got \"undefined\". Make sure the first parameter to `mongoose.connect()` or `mongoose.createConnection()` is a string.","stack":"MongooseError: The `uri` parameter to `openUri()` must be a string, got \"undefined\". Make sure the first parameter to `mongoose.connect()` or `mongoose.createConnection()` is a string.\n    at NativeConnection.Connection.openUri (C:\\Users\\EliteBook 840\\Desktop\\Blog\\node_modules\\mongoose\\lib\\connection.js:680:11)\n    at C:\\Users\\EliteBook 840\\Desktop\\Blog\\node_modules\\mongoose\\lib\\index.js:345:10\n    at C:\\Users\\EliteBook 840\\Desktop\\Blog\\node_modules\\mongoose\\lib\\helpers\\promiseOrCallback.js:31:5\n    at new Promise (<anonymous>)\n    at promiseOrCallback (C:\\Users\\EliteBook 840\\Desktop\\Blog\\node_modules\\mongoose\\lib\\helpers\\promiseOrCallback.js:30:10)\n    at Mongoose._promiseOrCallback (C:\\Users\\EliteBook 840\\Desktop\\Blog\\node_modules\\mongoose\\lib\\index.js:1135:10)\n    at Mongoose.connect (C:\\Users\\EliteBook 840\\Desktop\\Blog\\node_modules\\mongoose\\lib\\index.js:344:20)\n    at Object.<anonymous> (C:\\Users\\EliteBook 840\\Desktop\\Blog\\app.js:15:10)\n    at Module._compile (internal/modules/cjs/loader.js:1063:30)\n    at Object.Module._extensions..js (internal/modules/cjs/loader.js:1092:10)\n    at Module.load (internal/modules/cjs/loader.js:928:32)\n    at Function.Module._load (internal/modules/cjs/loader.js:769:14)\n    at Function.executeUserEntryPoint [as runMain] (internal/modules/run_main.js:72:12)\n    at internal/main/run_main_module.js:17:47","timestamp":"2021-01-15T09:02:08.571Z"}
{"level":"error","message":"File too large","timestamp":"2021-01-15T09:04:41.219Z"}
{"level":"error","message":"File too large","timestamp":"2021-01-15T09:09:55.815Z"}
{"level":"error","message":"File too large","timestamp":"2021-01-15T09:10:04.630Z"}
{"level":"info","message":"database connected...","timestamp":"2021-01-15T09:14:05.070Z"}
{"level":"info","message":"database connected...","timestamp":"2021-01-15T09:15:41.830Z"}
{"level":"error","message":"error connecting to database","timestamp":"2021-01-15T09:15:46.454Z"}
{"level":"error","message":"error connecting to database","timestamp":"2021-01-15T09:15:54.679Z"}
{"level":"error","message":"error connecting to database","timestamp":"2021-01-15T09:16:38.185Z"}
{"level":"info","message":"server running on 4000...","timestamp":"2021-01-15T09:21:36.894Z"}
{"level":"info","message":"server running on port 4000...","timestamp":"2021-01-15T09:21:48.130Z"}
{"level":"info","message":"server running on port 4000...","timestamp":"2021-01-15T09:22:56.063Z"}
{"level":"info","message":"server running on port 4000...","timestamp":"2021-01-15T09:22:59.675Z"}
{"level":"info","message":"server running on port 4000...","timestamp":"2021-01-15T09:23:12.264Z"}
{"level":"error","message":"The `uri` parameter to `openUri()` must be a string, got \"undefined\". Make sure the first parameter to `mongoose.connect()` or `mongoose.createConnection()` is a string.","timestamp":"2021-01-15T09:23:12.270Z"}
{"level":"info","message":"server running on port 4000...","timestamp":"2021-01-15T09:23:31.912Z"}
{"level":"error","message":"The `uri` parameter to `openUri()` must be a string, got \"undefined\". Make sure the first parameter to `mongoose.connect()` or `mongoose.createConnection()` is a string.","timestamp":"2021-01-15T09:23:32.003Z"}
{"level":"info","message":"server running on port 4000...","timestamp":"2021-01-15T09:23:56.485Z"}
{"level":"error","message":"error connecting to database","timestamp":"2021-01-15T09:23:56.489Z"}
{"level":"info","message":"server running on port 4000...","timestamp":"2021-01-15T09:24:08.988Z"}
{"level":"error","message":"error connecting to database","timestamp":"2021-01-15T09:24:08.992Z"}
{"level":"info","message":"server running on port 4000...","timestamp":"2021-01-15T09:24:41.900Z"}
{"level":"info","message":"server running on port 4000...","timestamp":"2021-01-15T09:24:54.224Z"}
{"level":"error","message":"error connecting to database","timestamp":"2021-01-15T09:24:54.227Z"}
{"level":"info","message":"server running on port 4000...","timestamp":"2021-01-15T09:25:58.610Z"}
{"level":"error","message":"error connecting to database","timestamp":"2021-01-15T09:25:58.616Z"}
{"level":"error","message":"File too large","timestamp":"2021-01-15T09:26:07.956Z"}
{"level":"error","message":"error connecting to database","timestamp":"2021-01-15T09:27:08.434Z"}
{"level":"info","message":"database connected...","timestamp":"2021-01-15T09:27:17.656Z"}
{"level":"info","message":"server running on port 4000...","timestamp":"2021-01-15T09:27:17.662Z"}
{"level":"info","message":"database connected...","timestamp":"2021-01-15T09:29:47.195Z"}
{"level":"info","message":"server running on port 4000...","timestamp":"2021-01-15T09:29:47.204Z"}
{"level":"error","message":"error connecting to database","timestamp":"2021-01-15T09:30:28.301Z"}
{"level":"info","message":"database connected...","timestamp":"2021-01-15T09:30:53.820Z"}
{"level":"info","message":"server running on port 4000...","timestamp":"2021-01-15T09:30:53.826Z"}
{"level":"info","message":"database connected...","timestamp":"2021-01-15T09:33:11.558Z"}
{"level":"info","message":"server running on port 4000...","timestamp":"2021-01-15T09:33:11.584Z"}
{"level":"info","message":"database connected...","timestamp":"2021-01-15T09:33:58.076Z"}
{"level":"info","message":"server running on port 4000...","timestamp":"2021-01-15T09:33:58.082Z"}
{"level":"info","message":"database connected...","timestamp":"2021-01-15T09:34:08.373Z"}
{"level":"info","message":"server running on port 4000...","timestamp":"2021-01-15T09:34:08.379Z"}
{"level":"info","message":"database connected...","timestamp":"2021-01-15T09:34:31.261Z"}
{"level":"info","message":"server running on port 4000...","timestamp":"2021-01-15T09:34:31.267Z"}
{"level":"info","message":"database connected...","timestamp":"2021-01-15T09:34:48.345Z"}
{"level":"info","message":"server running on port 4000...","timestamp":"2021-01-15T09:34:48.351Z"}
{"level":"info","message":"database connected...","timestamp":"2021-01-15T09:36:13.982Z"}
{"level":"info","message":"server running on port 4000...","timestamp":"2021-01-15T09:36:13.991Z"}
{"level":"info","message":"database connected...","timestamp":"2021-01-15T09:36:25.076Z"}
{"level":"info","message":"server running on port 4000...","timestamp":"2021-01-15T09:36:25.086Z"}
{"level":"info","message":"database connected...","timestamp":"2021-01-15T09:40:33.969Z"}
{"level":"info","message":"server running on port 4000...","timestamp":"2021-01-15T09:40:33.980Z"}
{"level":"info","message":"database connected...","timestamp":"2021-01-15T09:42:53.287Z"}
{"level":"info","message":"server running on port 4000...","timestamp":"2021-01-15T09:42:53.292Z"}
{"level":"info","message":"database connected...","timestamp":"2021-01-15T09:43:24.707Z"}
{"level":"info","message":"server running on port 4000...","timestamp":"2021-01-15T09:43:24.758Z"}
{"level":"error","message":"error connecting to database","timestamp":"2021-01-15T09:44:39.824Z"}
{"level":"error","message":"error connecting to database","timestamp":"2021-01-15T09:45:18.683Z"}
{"level":"error","message":"error connecting to database","timestamp":"2021-01-15T09:45:45.925Z"}
{"level":"error","message":"error connecting to database","timestamp":"2021-01-15T09:58:49.307Z"}
{"level":"info","message":"database connected...","timestamp":"2021-01-15T09:58:56.600Z"}
{"level":"info","message":"server running on port 4000...","timestamp":"2021-01-15T09:58:56.606Z"}
{"level":"info","message":"database connected...","timestamp":"2021-01-15T10:00:03.249Z"}
{"level":"info","message":"server running on port 4000...","timestamp":"2021-01-15T10:00:03.255Z"}
{"level":"error","message":"error connecting to database","timestamp":"2021-01-15T10:00:13.409Z"}
{"level":"error","message":"error connecting to database","timestamp":"2021-01-15T10:00:31.816Z"}
{"level":"info","message":"database connected...","timestamp":"2021-01-15T10:00:39.235Z"}
{"level":"info","message":"server running on port 4000...","timestamp":"2021-01-15T10:00:39.241Z"}
{"level":"info","message":"database connected...","timestamp":"2021-01-15T10:02:40.885Z"}
{"level":"info","message":"server running on port 4000...","timestamp":"2021-01-15T10:02:40.891Z"}
{"level":"info","message":"database connected...","timestamp":"2021-01-15T10:12:12.784Z"}
{"level":"info","message":"server running on port 4000...","timestamp":"2021-01-15T10:12:12.790Z"}
{"level":"info","message":"database connected...","timestamp":"2021-01-15T10:12:23.427Z"}
{"level":"info","message":"server running on port 4000...","timestamp":"2021-01-15T10:12:23.438Z"}
{"level":"info","message":"database connected...","timestamp":"2021-01-15T10:13:06.615Z"}
{"level":"info","message":"server running on port 4000...","timestamp":"2021-01-15T10:13:06.621Z"}
{"level":"info","message":"database connected...","timestamp":"2021-01-15T10:14:12.428Z"}
{"level":"info","message":"server running on port 4000...","timestamp":"2021-01-15T10:14:12.435Z"}
{"level":"info","message":"database connected...","timestamp":"2021-01-15T10:17:06.615Z"}
{"level":"info","message":"server running on port 4000...","timestamp":"2021-01-15T10:17:06.620Z"}
{"level":"info","message":"database connected...","timestamp":"2021-01-15T10:19:03.124Z"}
{"level":"info","message":"server running on port 4000...","timestamp":"2021-01-15T10:19:03.131Z"}
{"level":"info","message":"database connected...","timestamp":"2021-01-15T10:19:06.397Z"}
{"level":"info","message":"server running on port 4000...","timestamp":"2021-01-15T10:19:06.406Z"}
{"level":"info","message":"database connected...","timestamp":"2021-01-15T10:19:25.337Z"}
{"level":"info","message":"server running on port 4000...","timestamp":"2021-01-15T10:19:25.344Z"}
{"level":"error","message":"File too large","timestamp":"2021-01-15T10:19:55.490Z"}
{"level":"info","message":"database connected...","timestamp":"2021-01-15T10:20:19.341Z"}
{"level":"info","message":"server running on port 4000...","timestamp":"2021-01-15T10:20:19.346Z"}
{"level":"info","message":"database connected...","timestamp":"2021-01-15T10:30:28.065Z"}
{"level":"info","message":"server running on port 4000...","timestamp":"2021-01-15T10:30:28.075Z"}
{"level":"info","message":"database connected...","timestamp":"2021-01-15T10:30:46.541Z"}
{"level":"info","message":"server running on port 4000...","timestamp":"2021-01-15T10:30:46.547Z"}
{"level":"info","message":"database connected...","timestamp":"2021-01-15T10:31:03.696Z"}
{"level":"info","message":"server running on port 4000...","timestamp":"2021-01-15T10:31:03.705Z"}
{"level":"error","message":"res.staus is not a function","timestamp":"2021-01-15T10:31:05.980Z"}
{"level":"info","message":"database connected...","timestamp":"2021-01-15T10:31:15.883Z"}
{"level":"info","message":"server running on port 4000...","timestamp":"2021-01-15T10:31:15.889Z"}
{"level":"info","message":"database connected...","timestamp":"2021-01-15T10:31:50.601Z"}
{"level":"info","message":"server running on port 4000...","timestamp":"2021-01-15T10:31:50.607Z"}
{"level":"info","message":"database connected...","timestamp":"2021-01-15T10:32:01.556Z"}
{"level":"info","message":"server running on port 4000...","timestamp":"2021-01-15T10:32:01.573Z"}
{"level":"info","message":"database connected...","timestamp":"2021-01-15T10:32:18.520Z"}
{"level":"info","message":"server running on port 4000...","timestamp":"2021-01-15T10:32:18.531Z"}
{"level":"error","message":"Unexpected field","timestamp":"2021-01-15T10:32:20.991Z"}
{"level":"info","message":"database connected...","timestamp":"2021-01-15T10:32:55.250Z"}
{"level":"info","message":"server running on port 4000...","timestamp":"2021-01-15T10:32:55.256Z"}
{"level":"info","message":"database connected...","timestamp":"2021-01-15T10:33:13.427Z"}
{"level":"info","message":"server running on port 4000...","timestamp":"2021-01-15T10:33:13.433Z"}
{"level":"error","message":"Unexpected field","timestamp":"2021-01-15T10:33:14.743Z"}
{"level":"error","message":"Unexpected field","timestamp":"2021-01-15T10:33:16.263Z"}
{"level":"error","message":"Unexpected field","timestamp":"2021-01-15T10:33:29.039Z"}
{"level":"info","message":"database connected...","timestamp":"2021-01-15T10:34:06.988Z"}
{"level":"info","message":"server running on port 4000...","timestamp":"2021-01-15T10:34:06.997Z"}
{"level":"error","message":"Unexpected field","timestamp":"2021-01-15T10:34:09.150Z"}
{"level":"info","message":"database connected...","timestamp":"2021-01-15T10:34:38.858Z"}
{"level":"info","message":"server running on port 4000...","timestamp":"2021-01-15T10:34:38.864Z"}
{"level":"error","message":"Unexpected field","timestamp":"2021-01-15T10:34:40.979Z"}
{"level":"info","message":"database connected...","timestamp":"2021-01-15T10:35:20.237Z"}
{"level":"info","message":"server running on port 4000...","timestamp":"2021-01-15T10:35:20.256Z"}
{"level":"error","message":"Unexpected field","timestamp":"2021-01-15T10:35:22.897Z"}
{"level":"error","message":"Unexpected field","timestamp":"2021-01-15T10:36:19.879Z"}
{"level":"error","message":"value is not defined","timestamp":"2021-01-15T10:36:26.033Z"}
{"level":"info","message":"database connected...","timestamp":"2021-01-15T10:36:43.131Z"}
{"level":"info","message":"server running on port 4000...","timestamp":"2021-01-15T10:36:43.176Z"}
{"level":"info","message":"database connected...","timestamp":"2021-01-15T10:37:12.593Z"}
{"level":"info","message":"server running on port 4000...","timestamp":"2021-01-15T10:37:12.608Z"}
{"level":"info","message":"database connected...","timestamp":"2021-01-15T10:39:37.557Z"}
{"level":"info","message":"server running on port 4000...","timestamp":"2021-01-15T10:39:37.566Z"}
{"level":"error","message":"authorName is not defined","timestamp":"2021-01-15T10:39:41.257Z"}
{"level":"info","message":"database connected...","timestamp":"2021-01-15T10:46:37.980Z"}
{"level":"info","message":"server running on port 4000...","timestamp":"2021-01-15T10:46:37.988Z"}
{"level":"info","message":"database connected...","timestamp":"2021-01-15T10:46:48.216Z"}
{"level":"info","message":"server running on port 4000...","timestamp":"2021-01-15T10:46:48.221Z"}
{"level":"error","message":"authorName is not defined","timestamp":"2021-01-15T10:46:55.945Z"}
{"level":"info","message":"database connected...","timestamp":"2021-01-15T10:48:44.379Z"}
{"level":"info","message":"server running on port 4000...","timestamp":"2021-01-15T10:48:44.385Z"}
{"level":"info","message":"database connected...","timestamp":"2021-01-15T10:49:34.236Z"}
{"level":"info","message":"server running on port 4000...","timestamp":"2021-01-15T10:49:34.241Z"}
{"level":"error","message":"Blog validation failed: authorName: Cast to ObjectId failed for value \"chidex mr-chidex\" at path \"authorName\", authorImage: Cast to ObjectId failed for value \"images\\\\2141b9fe-16aa-4f42-b45b-74d279736a2d-5.png\" at path \"authorImage\"","timestamp":"2021-01-15T10:49:53.519Z"}
{"level":"info","message":"database connected...","timestamp":"2021-01-15T10:52:19.302Z"}
{"level":"info","message":"server running on port 4000...","timestamp":"2021-01-15T10:52:19.309Z"}
{"level":"info","message":"database connected...","timestamp":"2021-01-15T10:52:46.375Z"}
{"level":"info","message":"server running on port 4000...","timestamp":"2021-01-15T10:52:46.382Z"}
{"level":"info","message":"database connected...","timestamp":"2021-01-15T10:56:04.308Z"}
{"level":"info","message":"server running on port 4000...","timestamp":"2021-01-15T10:56:04.314Z"}
{"level":"info","message":"database connected...","timestamp":"2021-01-15T11:00:52.776Z"}
{"level":"info","message":"server running on port 4000...","timestamp":"2021-01-15T11:00:52.784Z"}
{"level":"info","message":"database connected...","timestamp":"2021-01-15T11:02:01.709Z"}
{"level":"info","message":"server running on port 4000...","timestamp":"2021-01-15T11:02:01.715Z"}
{"level":"info","message":"database connected...","timestamp":"2021-01-15T11:08:15.895Z"}
{"level":"info","message":"server running on port 4000...","timestamp":"2021-01-15T11:08:15.919Z"}
{"level":"info","message":"database connected...","timestamp":"2021-01-15T11:09:27.763Z"}
{"level":"info","message":"server running on port 4000...","timestamp":"2021-01-15T11:09:27.769Z"}
{"level":"info","message":"database connected...","timestamp":"2021-01-15T11:11:29.530Z"}
{"level":"info","message":"server running on port 4000...","timestamp":"2021-01-15T11:11:29.537Z"}
{"level":"info","message":"database connected...","timestamp":"2021-01-15T11:15:52.654Z"}
{"level":"info","message":"server running on port 4000...","timestamp":"2021-01-15T11:15:52.662Z"}
{"level":"info","message":"database connected...","timestamp":"2021-01-15T11:16:18.338Z"}
{"level":"info","message":"server running on port 4000...","timestamp":"2021-01-15T11:16:18.354Z"}
{"level":"info","message":"database connected...","timestamp":"2021-01-15T11:18:32.934Z"}
{"level":"info","message":"server running on port 4000...","timestamp":"2021-01-15T11:18:32.940Z"}
{"level":"info","message":"database connected...","timestamp":"2021-01-15T11:18:42.230Z"}
{"level":"info","message":"server running on port 4000...","timestamp":"2021-01-15T11:18:42.514Z"}
{"level":"info","message":"database connected...","timestamp":"2021-01-15T11:20:10.350Z"}
{"level":"info","message":"server running on port 4000...","timestamp":"2021-01-15T11:20:10.357Z"}
{"level":"info","message":"database connected...","timestamp":"2021-01-15T11:22:34.689Z"}
{"level":"info","message":"server running on port 4000...","timestamp":"2021-01-15T11:22:34.697Z"}
{"level":"info","message":"database connected...","timestamp":"2021-01-15T11:23:02.176Z"}
{"level":"info","message":"server running on port 4000...","timestamp":"2021-01-15T11:23:02.184Z"}
{"level":"error","message":"Unexpected field","timestamp":"2021-01-15T11:25:46.242Z"}
{"level":"error","message":"Cannot read property 'path' of undefined","timestamp":"2021-01-15T11:25:59.895Z"}
{"level":"info","message":"database connected...","timestamp":"2021-01-15T11:26:15.130Z"}
{"level":"info","message":"server running on port 4000...","timestamp":"2021-01-15T11:26:15.138Z"}
{"level":"info","message":"database connected...","timestamp":"2021-01-15T11:27:48.677Z"}
{"level":"info","message":"server running on port 4000...","timestamp":"2021-01-15T11:27:48.683Z"}
{"level":"info","message":"database connected...","timestamp":"2021-01-15T11:28:51.874Z"}
{"level":"info","message":"server running on port 4000...","timestamp":"2021-01-15T11:28:51.879Z"}
{"level":"info","message":"database connected...","timestamp":"2021-01-15T11:34:16.154Z"}
{"level":"info","message":"server running on port 4000...","timestamp":"2021-01-15T11:34:16.168Z"}
{"level":"info","message":"database connected...","timestamp":"2021-01-15T11:40:08.542Z"}
{"level":"info","message":"server running on port 4000...","timestamp":"2021-01-15T11:40:08.548Z"}
{"level":"info","message":"database connected...","timestamp":"2021-01-15T11:41:40.748Z"}
{"level":"info","message":"server running on port 4000...","timestamp":"2021-01-15T11:41:40.754Z"}
{"level":"info","message":"database connected...","timestamp":"2021-01-15T11:43:40.619Z"}
{"level":"info","message":"server running on port 4000...","timestamp":"2021-01-15T11:43:40.655Z"}
{"level":"info","message":"database connected...","timestamp":"2021-01-15T11:44:48.056Z"}
{"level":"info","message":"server running on port 4000...","timestamp":"2021-01-15T11:44:48.063Z"}
{"level":"info","message":"database connected...","timestamp":"2021-01-15T12:08:51.458Z"}
{"level":"info","message":"server running on port 4000...","timestamp":"2021-01-15T12:08:51.465Z"}
{"level":"info","message":"database connected...","timestamp":"2021-01-15T12:26:23.205Z"}
{"level":"info","message":"server running on port 4000...","timestamp":"2021-01-15T12:26:23.211Z"}
{"level":"info","message":"database connected...","timestamp":"2021-01-15T12:29:01.948Z"}
{"level":"info","message":"server running on port 4000...","timestamp":"2021-01-15T12:29:01.954Z"}
{"level":"info","message":"database connected...","timestamp":"2021-01-15T12:29:39.136Z"}
{"level":"info","message":"server running on port 4000...","timestamp":"2021-01-15T12:29:39.143Z"}
{"level":"error","message":"Cannot read property '_id' of undefined","timestamp":"2021-01-15T12:29:44.861Z"}
{"level":"info","message":"database connected...","timestamp":"2021-01-15T12:30:04.561Z"}
{"level":"info","message":"server running on port 4000...","timestamp":"2021-01-15T12:30:04.566Z"}
{"level":"error","message":"Blog validation failed: adminId: Path `adminId` is required.","timestamp":"2021-01-15T12:30:06.618Z"}
{"level":"info","message":"database connected...","timestamp":"2021-01-15T12:30:16.061Z"}
{"level":"info","message":"server running on port 4000...","timestamp":"2021-01-15T12:30:16.066Z"}
{"level":"info","message":"database connected...","timestamp":"2021-01-15T12:31:34.747Z"}
{"level":"info","message":"server running on port 4000...","timestamp":"2021-01-15T12:31:34.754Z"}
{"level":"info","message":"database connected...","timestamp":"2021-01-15T12:31:58.606Z"}
{"level":"info","message":"server running on port 4000...","timestamp":"2021-01-15T12:31:58.611Z"}
{"level":"info","message":"database connected...","timestamp":"2021-01-15T12:37:26.603Z"}
{"level":"info","message":"server running on port 4000...","timestamp":"2021-01-15T12:37:26.610Z"}
{"level":"info","message":"database connected...","timestamp":"2021-01-15T12:37:33.337Z"}
{"level":"info","message":"server running on port 4000...","timestamp":"2021-01-15T12:37:33.344Z"}
{"level":"info","message":"database connected...","timestamp":"2021-01-15T12:38:57.885Z"}
{"level":"info","message":"server running on port 4000...","timestamp":"2021-01-15T12:38:57.890Z"}
{"level":"error","message":"(intermediate value).selected is not a function","timestamp":"2021-01-15T12:39:04.050Z"}
{"level":"info","message":"database connected...","timestamp":"2021-01-15T12:39:12.633Z"}
{"level":"info","message":"server running on port 4000...","timestamp":"2021-01-15T12:39:12.639Z"}
{"level":"error","message":"(intermediate value).select is not a function","timestamp":"2021-01-15T12:39:54.056Z"}
{"level":"info","message":"database connected...","timestamp":"2021-01-15T12:40:20.270Z"}
{"level":"info","message":"server running on port 4000...","timestamp":"2021-01-15T12:40:20.277Z"}
{"level":"info","message":"database connected...","timestamp":"2021-01-15T12:47:57.753Z"}
{"level":"info","message":"server running on port 4000...","timestamp":"2021-01-15T12:47:57.763Z"}
{"level":"info","message":"database connected...","timestamp":"2021-01-15T12:49:43.948Z"}
{"level":"info","message":"server running on port 4000...","timestamp":"2021-01-15T12:49:43.955Z"}
{"level":"info","message":"database connected...","timestamp":"2021-01-15T12:51:19.884Z"}
{"level":"info","message":"server running on port 4000...","timestamp":"2021-01-15T12:51:19.891Z"}
{"level":"info","message":"database connected...","timestamp":"2021-01-15T12:51:46.655Z"}
{"level":"info","message":"server running on port 4000...","timestamp":"2021-01-15T12:51:46.667Z"}
{"level":"info","message":"database connected...","timestamp":"2021-01-15T12:51:58.152Z"}
{"level":"info","message":"server running on port 4000...","timestamp":"2021-01-15T12:51:58.158Z"}
{"level":"info","message":"database connected...","timestamp":"2021-01-15T12:52:41.342Z"}
{"level":"info","message":"server running on port 4000...","timestamp":"2021-01-15T12:52:41.350Z"}
{"level":"error","message":"Cannot read property 'toString' of undefined","timestamp":"2021-01-15T12:52:58.943Z"}
{"level":"info","message":"database connected...","timestamp":"2021-01-15T12:53:54.061Z"}
{"level":"info","message":"server running on port 4000...","timestamp":"2021-01-15T12:53:54.066Z"}
{"level":"info","message":"database connected...","timestamp":"2021-01-15T12:54:07.060Z"}
{"level":"info","message":"server running on port 4000...","timestamp":"2021-01-15T12:54:07.067Z"}
{"level":"error","message":"File too large","timestamp":"2021-01-15T12:58:10.001Z"}
{"level":"info","message":"database connected...","timestamp":"2021-01-15T12:59:51.040Z"}
{"level":"info","message":"server running on port 4000...","timestamp":"2021-01-15T12:59:51.047Z"}
{"level":"info","message":"database connected...","timestamp":"2021-01-15T13:00:32.001Z"}
{"level":"info","message":"server running on port 4000...","timestamp":"2021-01-15T13:00:32.012Z"}
{"level":"info","message":"database connected...","timestamp":"2021-01-15T13:03:18.359Z"}
{"level":"info","message":"server running on port 4000...","timestamp":"2021-01-15T13:03:18.365Z"}
{"level":"info","message":"database connected...","timestamp":"2021-01-15T13:03:46.420Z"}
{"level":"info","message":"server running on port 4000...","timestamp":"2021-01-15T13:03:46.427Z"}
{"level":"info","message":"database connected...","timestamp":"2021-01-15T13:06:12.819Z"}
{"level":"info","message":"server running on port 4000...","timestamp":"2021-01-15T13:06:12.868Z"}
{"level":"info","message":"database connected...","timestamp":"2021-01-15T13:07:37.084Z"}
{"level":"info","message":"server running on port 4000...","timestamp":"2021-01-15T13:07:37.092Z"}
{"level":"error","message":"blog is not defined","timestamp":"2021-01-15T13:11:14.772Z"}
{"level":"info","message":"database connected...","timestamp":"2021-01-15T13:12:27.420Z"}
{"level":"info","message":"server running on port 4000...","timestamp":"2021-01-15T13:12:27.428Z"}
{"level":"info","message":"database connected...","timestamp":"2021-01-15T13:12:38.423Z"}
{"level":"info","message":"server running on port 4000...","timestamp":"2021-01-15T13:12:38.428Z"}
{"level":"error","message":"blog is not defined","timestamp":"2021-01-15T13:13:10.065Z"}
{"level":"info","message":"database connected...","timestamp":"2021-01-15T13:13:25.495Z"}
{"level":"info","message":"server running on port 4000...","timestamp":"2021-01-15T13:13:25.501Z"}
{"level":"error","message":"Cannot read property 'toString' of undefined","timestamp":"2021-01-15T13:13:54.937Z"}
{"level":"error","message":"Cannot read property 'toString' of undefined","timestamp":"2021-01-15T13:15:43.761Z"}
{"level":"info","message":"database connected...","timestamp":"2021-01-15T13:16:35.043Z"}
{"level":"info","message":"server running on port 4000...","timestamp":"2021-01-15T13:16:35.051Z"}
{"level":"error","message":"Cannot read property 'toString' of undefined","timestamp":"2021-01-15T13:16:36.923Z"}
{"level":"info","message":"database connected...","timestamp":"2021-01-15T13:17:20.638Z"}
{"level":"info","message":"server running on port 4000...","timestamp":"2021-01-15T13:17:20.645Z"}
{"level":"info","message":"database connected...","timestamp":"2021-01-15T13:17:25.561Z"}
{"level":"info","message":"server running on port 4000...","timestamp":"2021-01-15T13:17:25.575Z"}
{"level":"error","message":"Cannot read property 'toString' of undefined","timestamp":"2021-01-15T13:17:26.711Z"}
{"level":"info","message":"database connected...","timestamp":"2021-01-15T13:18:03.546Z"}
{"level":"info","message":"server running on port 4000...","timestamp":"2021-01-15T13:18:03.562Z"}
{"level":"info","message":"database connected...","timestamp":"2021-01-15T13:19:36.055Z"}
{"level":"info","message":"server running on port 4000...","timestamp":"2021-01-15T13:19:36.068Z"}
{"level":"info","message":"database connected...","timestamp":"2021-01-15T13:22:37.020Z"}
{"level":"info","message":"server running on port 4000...","timestamp":"2021-01-15T13:22:37.026Z"}
{"level":"info","message":"database connected...","timestamp":"2021-01-15T15:18:51.105Z"}
{"level":"info","message":"server running on port 4000...","timestamp":"2021-01-15T15:18:51.111Z"}
{"level":"info","message":"database connected...","timestamp":"2021-01-15T16:33:38.428Z"}
{"level":"info","message":"server running on port 4000...","timestamp":"2021-01-15T16:33:38.434Z"}
{"level":"error","message":"Blog validation failed: views: Cast to Number failed for value \"NaN\" at path \"views\"","timestamp":"2021-01-15T16:34:22.067Z"}
{"level":"info","message":"database connected...","timestamp":"2021-01-15T16:34:56.794Z"}
{"level":"info","message":"server running on port 4000...","timestamp":"2021-01-15T16:34:56.800Z"}
{"level":"error","message":"Blog validation failed: views: Cast to Number failed for value \"NaN\" at path \"views\"","timestamp":"2021-01-15T16:35:00.616Z"}
{"level":"error","message":"Blog validation failed: views: Cast to Number failed for value \"NaN\" at path \"views\"","timestamp":"2021-01-15T16:35:03.122Z"}
{"level":"info","message":"database connected...","timestamp":"2021-01-15T16:47:07.450Z"}
{"level":"info","message":"server running on port 4000...","timestamp":"2021-01-15T16:47:07.458Z"}
{"level":"info","message":"database connected...","timestamp":"2021-01-16T10:31:58.819Z"}
{"level":"info","message":"server running on port 4000...","timestamp":"2021-01-16T10:31:58.825Z"}
{"level":"info","message":"database connected...","timestamp":"2021-01-16T10:35:12.225Z"}
{"level":"info","message":"server running on port 4000...","timestamp":"2021-01-16T10:35:12.256Z"}
{"level":"info","message":"database connected...","timestamp":"2021-01-16T10:35:30.290Z"}
{"level":"info","message":"server running on port 4000...","timestamp":"2021-01-16T10:35:30.312Z"}
{"level":"info","message":"database connected...","timestamp":"2021-01-16T10:35:32.326Z"}
{"level":"info","message":"server running on port 4000...","timestamp":"2021-01-16T10:35:32.333Z"}
{"level":"info","message":"database connected...","timestamp":"2021-01-16T10:36:18.386Z"}
{"level":"info","message":"server running on port 4000...","timestamp":"2021-01-16T10:36:18.393Z"}
{"level":"info","message":"database connected...","timestamp":"2021-01-16T11:20:27.166Z"}
{"level":"info","message":"server running on port 4000...","timestamp":"2021-01-16T11:20:27.171Z"}
{"level":"info","message":"database connected...","timestamp":"2021-01-16T11:21:11.537Z"}
{"level":"info","message":"server running on port 4000...","timestamp":"2021-01-16T11:21:11.548Z"}
{"level":"info","message":"database connected...","timestamp":"2021-01-16T11:21:47.357Z"}
{"level":"info","message":"server running on port 4000...","timestamp":"2021-01-16T11:21:47.362Z"}
{"level":"info","message":"database connected...","timestamp":"2021-01-16T11:22:59.852Z"}
{"level":"info","message":"server running on port 4000...","timestamp":"2021-01-16T11:22:59.858Z"}
{"level":"info","message":"database connected...","timestamp":"2021-01-16T11:23:38.409Z"}
{"level":"info","message":"server running on port 4000...","timestamp":"2021-01-16T11:23:38.414Z"}
{"level":"info","message":"database connected...","timestamp":"2021-01-16T11:23:51.517Z"}
{"level":"info","message":"server running on port 4000...","timestamp":"2021-01-16T11:23:51.523Z"}
